[    0.000000] Linux version 4.15.0-156-generic (buildd@lcy01-amd64-008) (gcc version 7.5.0 (Ubuntu 7.5.0-3ubuntu1~18.04)) #163-Ubuntu SMP Thu Aug 19 23:31:58 UTC 2021 (Ubuntu 4.15.0-156.163-generic 4.15.18)
[    0.000000] Command line: BOOT_IMAGE=/boot/vmlinuz-4.15.0-156-generic root=LABEL=cloudimg-rootfs ro console=tty1 console=ttyS0
[    0.000000] KERNEL supported cpus:
[    0.000000]   Intel GenuineIntel
[    0.000000]   AMD AuthenticAMD
[    0.000000]   Centaur CentaurHauls
[    0.000000] x86/fpu: Supporting XSAVE feature 0x001: 'x87 floating point registers'
[    0.000000] x86/fpu: Supporting XSAVE feature 0x002: 'SSE registers'
[    0.000000] x86/fpu: Supporting XSAVE feature 0x004: 'AVX registers'
[    0.000000] x86/fpu: xstate_offset[2]:  576, xstate_sizes[2]:  256
[    0.000000] x86/fpu: Enabled xstate features 0x7, context size is 832 bytes, using 'standard' format.
[    0.000000] e820: BIOS-provided physical RAM map:
[    0.000000] BIOS-e820: [mem 0x0000000000000000-0x000000000009fbff] usable
[    0.000000] BIOS-e820: [mem 0x000000000009fc00-0x000000000009ffff] reserved
[    0.000000] BIOS-e820: [mem 0x00000000000f0000-0x00000000000fffff] reserved
[    0.000000] BIOS-e820: [mem 0x0000000000100000-0x000000001ffeffff] usable
[    0.000000] BIOS-e820: [mem 0x000000001fff0000-0x000000001fffffff] ACPI data
[    0.000000] BIOS-e820: [mem 0x00000000fec00000-0x00000000fec00fff] reserved
[    0.000000] BIOS-e820: [mem 0x00000000fee00000-0x00000000fee00fff] reserved
[    0.000000] BIOS-e820: [mem 0x00000000fffc0000-0x00000000ffffffff] reserved
[    0.000000] NX (Execute Disable) protection: active
[    0.000000] SMBIOS 2.5 present.
[    0.000000] DMI: innotek GmbH VirtualBox/VirtualBox, BIOS VirtualBox 12/01/2006
[    0.000000] Hypervisor detected: KVM
[    0.000000] e820: last_pfn = 0x1fff0 max_arch_pfn = 0x400000000
[    0.000000] MTRR: Disabled
[    0.000000] x86/PAT: MTRRs disabled, skipping PAT initialization too.
[    0.000000] CPU MTRRs all blank - virtualized system.
[    0.000000] x86/PAT: Configuration [0-7]: WB  WT  UC- UC  WB  WT  UC- UC  
[    0.000000] found SMP MP-table at [mem 0x0009fff0-0x0009ffff]
[    0.000000] Scanning 1 areas for low memory corruption
[    0.000000] RAMDISK: [mem 0x1daed000-0x1edfcfff]
[    0.000000] ACPI: Early table checksum verification disabled
[    0.000000] ACPI: RSDP 0x00000000000E0000 000024 (v02 VBOX  )
[    0.000000] ACPI: XSDT 0x000000001FFF0030 00003C (v01 VBOX   VBOXXSDT 00000001 ASL  00000061)
[    0.000000] ACPI: FACP 0x000000001FFF00F0 0000F4 (v04 VBOX   VBOXFACP 00000001 ASL  00000061)
[    0.000000] ACPI: DSDT 0x000000001FFF0470 0022EA (v02 VBOX   VBOXBIOS 00000002 INTL 20100528)
[    0.000000] ACPI: FACS 0x000000001FFF0200 000040
[    0.000000] ACPI: FACS 0x000000001FFF0200 000040
[    0.000000] ACPI: APIC 0x000000001FFF0240 000054 (v02 VBOX   VBOXAPIC 00000001 ASL  00000061)
[    0.000000] ACPI: SSDT 0x000000001FFF02A0 0001CC (v01 VBOX   VBOXCPUT 00000002 INTL 20100528)
[    0.000000] ACPI: Reserving FACP table memory at [mem 0x1fff00f0-0x1fff01e3]
[    0.000000] ACPI: Reserving DSDT table memory at [mem 0x1fff0470-0x1fff2759]
[    0.000000] ACPI: Reserving FACS table memory at [mem 0x1fff0200-0x1fff023f]
[    0.000000] ACPI: Reserving FACS table memory at [mem 0x1fff0200-0x1fff023f]
[    0.000000] ACPI: Reserving APIC table memory at [mem 0x1fff0240-0x1fff0293]
[    0.000000] ACPI: Reserving SSDT table memory at [mem 0x1fff02a0-0x1fff046b]
[    0.000000] No NUMA configuration found
[    0.000000] Faking a node at [mem 0x0000000000000000-0x000000001ffeffff]
[    0.000000] NODE_DATA(0) allocated [mem 0x1ffc5000-0x1ffeffff]
[    0.000000] kvm-clock: cpu 0, msr 0:1ff44001, primary cpu clock
[    0.000000] kvm-clock: Using msrs 4b564d01 and 4b564d00
[    0.000000] kvm-clock: using sched offset of 4915660112 cycles
[    0.000000] clocksource: kvm-clock: mask: 0xffffffffffffffff max_cycles: 0x1cd42e4dffb, max_idle_ns: 881590591483 ns
[    0.000000] Zone ranges:
[    0.000000]   DMA      [mem 0x0000000000001000-0x0000000000ffffff]
[    0.000000]   DMA32    [mem 0x0000000001000000-0x000000001ffeffff]
[    0.000000]   Normal   empty
[    0.000000]   Device   empty
[    0.000000] Movable zone start for each node
[    0.000000] Early memory node ranges
[    0.000000]   node   0: [mem 0x0000000000001000-0x000000000009efff]
[    0.000000]   node   0: [mem 0x0000000000100000-0x000000001ffeffff]
[    0.000000] Reserved but unavailable: 104 pages
[    0.000000] Initmem setup node 0 [mem 0x0000000000001000-0x000000001ffeffff]
[    0.000000] ACPI: PM-Timer IO Port: 0x4008
[    0.000000] IOAPIC[0]: apic_id 1, version 32, address 0xfec00000, GSI 0-23
[    0.000000] ACPI: INT_SRC_OVR (bus 0 bus_irq 0 global_irq 2 dfl dfl)
[    0.000000] ACPI: INT_SRC_OVR (bus 0 bus_irq 9 global_irq 9 low level)
[    0.000000] Using ACPI (MADT) for SMP configuration information
[    0.000000] smpboot: Allowing 1 CPUs, 0 hotplug CPUs
[    0.000000] PM: Registered nosave memory: [mem 0x00000000-0x00000fff]
[    0.000000] PM: Registered nosave memory: [mem 0x0009f000-0x0009ffff]
[    0.000000] PM: Registered nosave memory: [mem 0x000a0000-0x000effff]
[    0.000000] PM: Registered nosave memory: [mem 0x000f0000-0x000fffff]
[    0.000000] e820: [mem 0x20000000-0xfebfffff] available for PCI devices
[    0.000000] Booting paravirtualized kernel on KVM
[    0.000000] clocksource: refined-jiffies: mask: 0xffffffff max_cycles: 0xffffffff, max_idle_ns: 7645519600211568 ns
[    0.000000] random: get_random_bytes called from start_kernel+0x99/0x500 with crng_init=0
[    0.000000] setup_percpu: NR_CPUS:8192 nr_cpumask_bits:1 nr_cpu_ids:1 nr_node_ids:1
[    0.000000] percpu: Embedded 45 pages/cpu s147456 r8192 d28672 u2097152
[    0.000000] PV qspinlock hash table entries: 256 (order: 0, 4096 bytes)
[    0.000000] Built 1 zonelists, mobility grouping on.  Total pages: 128889
[    0.000000] Policy zone: DMA32
[    0.000000] Kernel command line: BOOT_IMAGE=/boot/vmlinuz-4.15.0-156-generic root=LABEL=cloudimg-rootfs ro console=tty1 console=ttyS0
[    0.000000] Memory: 466800K/523832K available (12300K kernel code, 2483K rwdata, 4320K rodata, 2448K init, 2724K bss, 57032K reserved, 0K cma-reserved)
[    0.000000] SLUB: HWalign=64, Order=0-3, MinObjects=0, CPUs=1, Nodes=1
[    0.000000] Kernel/User page tables isolation: enabled
[    0.000000] ftrace: allocating 39466 entries in 155 pages
[    0.004000] Hierarchical RCU implementation.
[    0.004000] 	RCU restricting CPUs from NR_CPUS=8192 to nr_cpu_ids=1.
[    0.004000] 	Tasks RCU enabled.
[    0.004000] RCU: Adjusting geometry for rcu_fanout_leaf=16, nr_cpu_ids=1
[    0.004000] NR_IRQS: 524544, nr_irqs: 256, preallocated irqs: 16
[    0.004000] Console: colour VGA+ 80x25
[    0.004000] console [tty1] enabled
[    0.004000] console [ttyS0] enabled
[    0.004000] ACPI: Core revision 20170831
[    0.004000] ACPI: 2 ACPI AML tables successfully acquired and loaded
[    0.004000] APIC: Switch to symmetric I/O mode setup
[    0.004000] x2apic enabled
[    0.004000] Switched APIC routing to physical x2apic.
[    0.006280] ..TIMER: vector=0x30 apic1=0 pin1=2 apic2=-1 pin2=-1
[    0.008008] tsc: Detected 2207.998 MHz processor
[    0.012021] Calibrating delay loop (skipped) preset value.. 4415.99 BogoMIPS (lpj=8831992)
[    0.014995] pid_max: default: 32768 minimum: 301
[    0.016200] Security Framework initialized
[    0.017890] Yama: becoming mindful.
[    0.020098] AppArmor: AppArmor initialized
[    0.022282] Dentry cache hash table entries: 65536 (order: 7, 524288 bytes)
[    0.028020] Inode-cache hash table entries: 32768 (order: 6, 262144 bytes)
[    0.032036] Mount-cache hash table entries: 1024 (order: 1, 8192 bytes)
[    0.036017] Mountpoint-cache hash table entries: 1024 (order: 1, 8192 bytes)
[    0.039019] process: using mwait in idle threads
[    0.040013] Last level iTLB entries: 4KB 64, 2MB 8, 4MB 8
[    0.041946] Last level dTLB entries: 4KB 64, 2MB 0, 4MB 0, 1GB 4
[    0.044005] Spectre V1 : Mitigation: usercopy/swapgs barriers and __user pointer sanitization
[    0.048005] Spectre V2 : Mitigation: Full generic retpoline
[    0.050448] Spectre V2 : Spectre v2 / SpectreRSB mitigation: Filling RSB on context switch
[    0.052030] Speculative Store Bypass: Vulnerable
[    0.056108] SRBDS: Unknown: Dependent on hypervisor status
[    0.058944] MDS: Mitigation: Clear CPU buffers
[    0.093234] Freeing SMP alternatives memory: 36K
[    0.206862] smpboot: CPU0: Intel(R) Core(TM) i7-8750H CPU @ 2.20GHz (family: 0x6, model: 0x9e, stepping: 0xa)
[    0.208000] Performance Events: unsupported p6 CPU model 158 no PMU driver, software events only.
[    0.208072] Hierarchical SRCU implementation.
[    0.213005] NMI watchdog: Perf event create on CPU 0 failed with -2
[    0.216010] NMI watchdog: Perf NMI watchdog permanently disabled
[    0.218410] smp: Bringing up secondary CPUs ...
[    0.220025] smp: Brought up 1 node, 1 CPU
[    0.221719] smpboot: Max logical packages: 1
[    0.223449] smpboot: Total of 1 processors activated (4415.99 BogoMIPS)
[    0.224225] devtmpfs: initialized
[    0.225525] x86/mm: Memory block size: 128MB
[    0.228215] evm: security.selinux
[    0.229576] evm: security.SMACK64
[    0.230920] evm: security.SMACK64EXEC
[    0.232013] evm: security.SMACK64TRANSMUTE
[    0.233629] evm: security.SMACK64MMAP
[    0.236007] evm: security.apparmor
[    0.237282] evm: security.ima
[    0.238369] evm: security.capability
[    0.239867] clocksource: jiffies: mask: 0xffffffff max_cycles: 0xffffffff, max_idle_ns: 7645041785100000 ns
[    0.240022] futex hash table entries: 256 (order: 2, 16384 bytes)
[    0.242750] pinctrl core: initialized pinctrl subsystem
[    0.244496] RTC time:  2:49:57, date: 09/22/21
[    0.248157] NET: Registered protocol family 16
[    0.250479] audit: initializing netlink subsys (disabled)
[    0.252273] cpuidle: using governor ladder
[    0.253849] cpuidle: using governor menu
[    0.256013] audit: type=2000 audit(1632279003.427:1): state=initialized audit_enabled=0 res=1
[    0.259477] ACPI: bus type PCI registered
[    0.260016] acpiphp: ACPI Hot Plug PCI Controller Driver version: 0.5
[    0.264397] PCI: Using configuration type 1 for base access
[    0.270174] HugeTLB registered 2.00 MiB page size, pre-allocated 0 pages
[    0.272381] ACPI: Added _OSI(Module Device)
[    0.274222] ACPI: Added _OSI(Processor Device)
[    0.276050] ACPI: Added _OSI(3.0 _SCP Extensions)
[    0.278208] ACPI: Added _OSI(Processor Aggregator Device)
[    0.280072] ACPI: Added _OSI(Linux-Dell-Video)
[    0.284054] ACPI: Added _OSI(Linux-Lenovo-NV-HDMI-Audio)
[    0.286622] ACPI: Added _OSI(Linux-HPI-Hybrid-Graphics)
[    0.288617] ACPI: Executed 1 blocks of module-level executable AML code
[    0.301726] ACPI: Interpreter enabled
[    0.303149] ACPI: (supports S0 S5)
[    0.304007] ACPI: Using IOAPIC for interrupt routing
[    0.306315] PCI: Using host bridge windows from ACPI; if necessary, use "pci=nocrs" and report a bug
[    0.308451] ACPI: Enabled 2 GPEs in block 00 to 07
[    0.327042] ACPI: PCI Root Bridge [PCI0] (domain 0000 [bus 00-ff])
[    0.328037] acpi PNP0A03:00: _OSC: OS supports [ASPM ClockPM Segments MSI]
[    0.333252] acpi PNP0A03:00: _OSC: not requesting OS control; OS requires [ExtendedConfig ASPM ClockPM MSI]
[    0.336037] acpi PNP0A03:00: fail to add MMCONFIG information, can't access extended PCI configuration space under this bridge.
[    0.340794] PCI host bridge to bus 0000:00
[    0.342672] pci_bus 0000:00: root bus resource [io  0x0000-0x0cf7 window]
[    0.344020] pci_bus 0000:00: root bus resource [io  0x0d00-0xffff window]
[    0.348016] pci_bus 0000:00: root bus resource [mem 0x000a0000-0x000bffff window]
[    0.352009] pci_bus 0000:00: root bus resource [mem 0x20000000-0xfdffffff window]
[    0.356008] pci_bus 0000:00: root bus resource [bus 00-ff]
[    0.363427] pci 0000:00:01.1: legacy IDE quirk: reg 0x10: [io  0x01f0-0x01f7]
[    0.364012] pci 0000:00:01.1: legacy IDE quirk: reg 0x14: [io  0x03f6]
[    0.368008] pci 0000:00:01.1: legacy IDE quirk: reg 0x18: [io  0x0170-0x0177]
[    0.370482] pci 0000:00:01.1: legacy IDE quirk: reg 0x1c: [io  0x0376]
[    0.400190] pci 0000:00:07.0: quirk: [io  0x4000-0x403f] claimed by PIIX4 ACPI
[    0.403175] pci 0000:00:07.0: quirk: [io  0x4100-0x410f] claimed by PIIX4 SMB
[    0.417090] ACPI: PCI Interrupt Link [LNKA] (IRQs 5 9 10 *11)
[    0.420554] ACPI: PCI Interrupt Link [LNKB] (IRQs 5 9 *10 11)
[    0.422887] ACPI: PCI Interrupt Link [LNKC] (IRQs 5 *9 10 11)
[    0.424303] ACPI: PCI Interrupt Link [LNKD] (IRQs 5 9 10 *11)
[    0.428286] SCSI subsystem initialized
[    0.429917] pci 0000:00:02.0: vgaarb: setting as boot VGA device
[    0.432000] pci 0000:00:02.0: vgaarb: VGA device added: decodes=io+mem,owns=io+mem,locks=none
[    0.432010] pci 0000:00:02.0: vgaarb: bridge control possible
[    0.436004] vgaarb: loaded
[    0.437170] ACPI: bus type USB registered
[    0.440038] usbcore: registered new interface driver usbfs
[    0.442579] usbcore: registered new interface driver hub
[    0.444040] usbcore: registered new device driver usb
[    0.446116] EDAC MC: Ver: 3.0.0
[    0.448710] PCI: Using ACPI for IRQ routing
[    0.450817] NetLabel: Initializing
[    0.452007] NetLabel:  domain hash size = 128
[    0.453548] NetLabel:  protocols = UNLABELED CIPSOv4 CALIPSO
[    0.456040] NetLabel:  unlabeled traffic allowed by default
[    0.458821] clocksource: Switched to clocksource kvm-clock
[    0.500922] VFS: Disk quotas dquot_6.6.0
[    0.502549] VFS: Dquot-cache hash table entries: 512 (order 0, 4096 bytes)
[    0.505809] AppArmor: AppArmor Filesystem Enabled
[    0.508035] pnp: PnP ACPI init
[    0.511477] pnp: PnP ACPI: found 3 devices
[    0.520329] clocksource: acpi_pm: mask: 0xffffff max_cycles: 0xffffff, max_idle_ns: 2085701024 ns
[    0.524075] NET: Registered protocol family 2
[    0.526014] IP idents hash table entries: 8192 (order: 4, 65536 bytes)
[    0.528973] TCP established hash table entries: 4096 (order: 3, 32768 bytes)
[    0.531431] TCP bind hash table entries: 4096 (order: 4, 65536 bytes)
[    0.533787] TCP: Hash tables configured (established 4096 bind 4096)
[    0.536070] UDP hash table entries: 256 (order: 1, 8192 bytes)
[    0.538686] UDP-Lite hash table entries: 256 (order: 1, 8192 bytes)
[    0.541597] NET: Registered protocol family 1
[    0.543501] pci 0000:00:00.0: Limiting direct PCI/PCI transfers
[    0.546141] pci 0000:00:01.0: Activating ISA DMA hang workarounds
[    0.548443] pci 0000:00:02.0: Video device with shadowed ROM at [mem 0x000c0000-0x000dffff]
[    0.551589] Unpacking initramfs...
[    1.200980] Freeing initrd memory: 19520K
[    1.202595] clocksource: tsc: mask: 0xffffffffffffffff max_cycles: 0x1fd3b6211b4, max_idle_ns: 440795230313 ns
[    1.206344] platform rtc_cmos: registered platform RTC device (no PNP device found)
[    1.209232] Scanning for low memory corruption every 60 seconds
[    1.212125] Initialise system trusted keyrings
[    1.213862] Key type blacklist registered
[    1.215398] workingset: timestamp_bits=36 max_order=17 bucket_order=0
[    1.219603] zbud: loaded
[    1.221697] squashfs: version 4.0 (2009/01/31) Phillip Lougher
[    1.224905] fuse init (API version 7.26)
[    1.229264] Key type asymmetric registered
[    1.231189] Asymmetric key parser 'x509' registered
[    1.233410] Block layer SCSI generic (bsg) driver version 0.4 loaded (major 246)
[    1.236173] io scheduler noop registered
[    1.237925] io scheduler deadline registered
[    1.239928] io scheduler cfq registered (default)
[    1.243195] ACPI: AC Adapter [AC] (on-line)
[    1.245457] input: Power Button as /devices/LNXSYSTM:00/LNXPWRBN:00/input/input0
[    1.248060] ACPI: Power Button [PWRF]
[    1.249562] input: Sleep Button as /devices/LNXSYSTM:00/LNXSLPBN:00/input/input1
[    1.251923] ACPI: Sleep Button [SLPF]
[    1.255360] ACPI: Battery Slot [BAT0] (battery present)
[    1.257608] Serial: 8250/16550 driver, 32 ports, IRQ sharing enabled
[    1.282036] 00:02: ttyS0 at I/O 0x3f8 (irq = 4, base_baud = 115200) is a 16550A
[    1.288371] Linux agpgart interface v0.103
[    1.293165] loop: module loaded
[    1.295492] scsi host0: ata_piix
[    1.296806] scsi host1: ata_piix
[    1.297980] ata1: PATA max UDMA/33 cmd 0x1f0 ctl 0x3f6 bmdma 0xd000 irq 14
[    1.300227] ata2: PATA max UDMA/33 cmd 0x170 ctl 0x376 bmdma 0xd008 irq 15
[    1.303482] libphy: Fixed MDIO Bus: probed
[    1.305416] tun: Universal TUN/TAP device driver, 1.6
[    1.307452] PPP generic driver version 2.4.2
[    1.309316] ehci_hcd: USB 2.0 'Enhanced' Host Controller (EHCI) Driver
[    1.311590] ehci-pci: EHCI PCI platform driver
[    1.313362] ehci-platform: EHCI generic platform driver
[    1.315251] ohci_hcd: USB 1.1 'Open' Host Controller (OHCI) Driver
[    1.317439] ohci-pci: OHCI PCI platform driver
[    1.319109] ohci-platform: OHCI generic platform driver
[    1.321078] uhci_hcd: USB Universal Host Controller Interface driver
[    1.323828] i8042: PNP: PS/2 Controller [PNP0303:PS2K,PNP0f03:PS2M] at 0x60,0x64 irq 1,12
[    1.327495] serio: i8042 KBD port at 0x60,0x64 irq 1
[    1.329366] serio: i8042 AUX port at 0x60,0x64 irq 12
[    1.331243] mousedev: PS/2 mouse device common for all mice
[    1.333730] input: AT Translated Set 2 keyboard as /devices/platform/i8042/serio0/input/input2
[    1.337364] rtc_cmos rtc_cmos: rtc core: registered rtc_cmos as rtc0
[    1.340460] rtc_cmos rtc_cmos: alarms up to one day, 114 bytes nvram
[    1.343628] i2c /dev entries driver
[    1.345240] device-mapper: uevent: version 1.0.3
[    1.347513] device-mapper: ioctl: 4.37.0-ioctl (2017-09-20) initialised: dm-devel@redhat.com
[    1.350494] ledtrig-cpu: registered to indicate activity on CPUs
[    1.352601] intel_pmc_core:  initialized
[    1.354571] NET: Registered protocol family 10
[    1.363427] Segment Routing with IPv6
[    1.364806] NET: Registered protocol family 17
[    1.366279] Key type dns_resolver registered
[    1.367834] mce: Using 0 MCE banks
[    1.369290] RAS: Correctable Errors collector initialized.
[    1.371295] sched_clock: Marking stable (1369203501, 0)->(1741379466, -372175965)
[    1.374288] registered taskstats version 1
[    1.375725] Loading compiled-in X.509 certificates
[    1.381111] Loaded X.509 cert 'Build time autogenerated kernel key: b39ba71f7e5bf175906d0a602aa7bdc709562f9b'
[    1.385452] Loaded X.509 cert 'Canonical Ltd. Live Patch Signing: 14df34d1a87cf37625abec039ef2bf521249b969'
[    1.390012] Loaded X.509 cert 'Canonical Ltd. Kernel Module Signing: 88f752e560a1e0737e31163a466ad7b70a850c19'
[    1.393503] zswap: loaded using pool lzo/zbud
[    1.400407] Key type big_key registered
[    1.402027] Key type trusted registered
[    1.407101] Key type encrypted registered
[    1.409427] AppArmor: AppArmor sha1 policy hashing enabled
[    1.411832] ima: No TPM chip found, activating TPM-bypass! (rc=-19)
[    1.414974] ima: Allocated hash algorithm: sha1
[    1.416899] evm: HMAC attrs: 0x1
[    1.418508]   Magic number: 5:668:814
[    1.419929] rtc_cmos rtc_cmos: setting system clock to 2021-09-22 02:49:58 UTC (1632278998)
[    1.423647] BIOS EDD facility v0.16 2004-Jun-25, 0 devices found
[    1.426565] EDD information not available.
[    1.464309] Freeing unused kernel image memory: 2448K
[    1.472980] Write protecting the kernel read-only data: 20480k
[    1.475903] Freeing unused kernel image memory: 2008K
[    1.478226] Freeing unused kernel image memory: 1824K
[    1.499543] x86/mm: Checked W+X mappings: passed, no W+X pages found.
[    1.502471] x86/mm: Checking user space page tables
[    1.520836] x86/mm: Checked W+X mappings: passed, no W+X pages found.
Loading, please wait...
starting version 237
[    1.767661] e1000: Intel(R) PRO/1000 Network Driver - version 7.3.21-k8-NAPI
[    1.770060] e1000: Copyright (c) 1999-2006 Intel Corporation.
[    1.777630] Fusion MPT base driver 3.04.20
[    1.779057] Copyright (c) 1999-2008 LSI Corporation
[    1.818417] Fusion MPT SPI Host driver 3.04.20
[    1.927837] AVX2 version of gcm_enc/dec engaged.
[    1.929728] AES CTR mode by8 optimization enabled
[    2.002592] input: ImExPS/2 Generic Explorer Mouse as /devices/platform/i8042/serio1/input/input4
[    2.406502] e1000 0000:00:03.0 eth0: (PCI:33MHz:32-bit) 02:d6:10:ef:a7:47
[    2.409766] e1000 0000:00:03.0 eth0: Intel(R) PRO/1000 Network Connection
[    2.416026] e1000 0000:00:03.0 enp0s3: renamed from eth0
[    2.420619] mptbase: ioc0: Initiating bringup
[    2.516912] ioc0: LSI53C1030 A0: Capabilities={Initiator}
[    2.768494] scsi host2: ioc0: LSI53C1030 A0, FwRev=00000000h, Ports=1, MaxQ=256, IRQ=20
[    2.937108] scsi 2:0:0:0: Direct-Access     VBOX     HARDDISK         1.0  PQ: 0 ANSI: 5
[    2.939758] scsi target2:0:0: Beginning Domain Validation
[    2.942905] random: fast init done
[    2.946063] scsi target2:0:0: Domain Validation skipping write tests
[    2.948115] scsi target2:0:0: Ending Domain Validation
[    2.950070] scsi target2:0:0: asynchronous
[    2.953015] scsi 2:0:1:0: Direct-Access     VBOX     HARDDISK         1.0  PQ: 0 ANSI: 5
[    2.955992] scsi target2:0:1: Beginning Domain Validation
[    2.961166] scsi target2:0:1: Domain Validation skipping write tests
[    2.963386] scsi target2:0:1: Ending Domain Validation
[    2.965525] scsi target2:0:1: asynchronous
[    2.974996] random: systemd-udevd: uninitialized urandom read (16 bytes read)
[    2.977966] random: systemd-udevd: uninitialized urandom read (16 bytes read)
[    2.981568] sd 2:0:0:0: Attached scsi generic sg0 type 0
[    2.984629] random: systemd-udevd: uninitialized urandom read (16 bytes read)
[    2.987455] sd 2:0:0:0: [sda] 83886080 512-byte logical blocks: (42.9 GB/40.0 GiB)
[    2.990382] sd 2:0:0:0: [sda] Write Protect is off
[    2.992717] sd 2:0:1:0: Attached scsi generic sg1 type 0
[    2.994882] sd 2:0:1:0: [sdb] 20480 512-byte logical blocks: (10.5 MB/10.0 MiB)
[    2.997484] sd 2:0:0:0: [sda] Incomplete mode parameter data
[    2.999430] sd 2:0:0:0: [sda] Assuming drive cache: write through
[    3.001759] sd 2:0:1:0: [sdb] Write Protect is off
[    3.004865] sd 2:0:1:0: [sdb] Incomplete mode parameter data
[    3.006908] sd 2:0:1:0: [sdb] Assuming drive cache: write through
[    3.024106]  sda: sda1
[    3.026971] sd 2:0:0:0: [sda] Attached SCSI disk
[    3.029927] sd 2:0:1:0: [sdb] Attached SCSI disk
Begin: Loading essential drivers ... [    5.232353] raid6: sse2x1   gen()  6112 MB/s
[    5.280188] raid6: sse2x1   xor()  4400 MB/s
[    5.328097] raid6: sse2x2   gen()  7297 MB/s
[    5.376322] raid6: sse2x2   xor()  4925 MB/s
[    5.424164] raid6: sse2x4   gen()  8482 MB/s
[    5.472126] raid6: sse2x4   xor()  5523 MB/s
[    5.520461] raid6: avx2x1   gen() 12220 MB/s
[    5.568244] raid6: avx2x1   xor()  7708 MB/s
[    5.616421] raid6: avx2x2   gen() 14320 MB/s
[    5.664345] raid6: avx2x2   xor()  9185 MB/s
[    5.712078] raid6: avx2x4   gen() 16673 MB/s
[    5.760385] raid6: avx2x4   xor() 10247 MB/s
[    5.762072] raid6: using algorithm avx2x4 gen() 16673 MB/s
[    5.764113] raid6: .... xor() 10247 MB/s, rmw enabled
[    5.765982] raid6: using avx2x2 recovery algorithm
[    5.770832] xor: automatically using best checksumming function   avx       
[    5.776113] async_tx: api initialized (async)
done.
Begin: Running /scripts/init-premount ... done.
Begin: Mounting root file system ... Begin: Running /scripts/local-top ... done.
Begin: Running /scripts/local-premount ... [    5.889821] Btrfs loaded, crc32c=crc32c-intel
Scanning for Btrfs filesystems
done.
Warning: fsck not present, so skipping root file system
[    5.949411] EXT4-fs (sda1): mounted filesystem with ordered data mode. Opts: (null)
done.
Begin: Running /scripts/local-bottom ... done.
Begin: Running /scripts/init-bottom ... done.
[    6.172456] ip_tables: (C) 2000-2006 Netfilter Core Team
[    6.186218] systemd[1]: systemd 237 running in system mode. (+PAM +AUDIT +SELINUX +IMA +APPARMOR +SMACK +SYSVINIT +UTMP +LIBCRYPTSETUP +GCRYPT +GNUTLS +ACL +XZ +LZ4 +SECCOMP +BLKID +ELFUTILS +KMOD -IDN2 +IDN -PCRE2 default-hierarchy=hybrid)
[    6.193491] systemd[1]: Detected virtualization oracle.
[    6.195506] systemd[1]: Detected architecture x86-64.

Welcome to [1mUbuntu 18.04.6 LTS[0m!

[    6.213271] systemd[1]: Set hostname to <ubuntu>.
[    6.219425] systemd[1]: Initializing machine ID from random generator.
[    6.222027] systemd[1]: Installed transient /etc/machine-id file.
[    6.630054] systemd[1]: Started Forward Password Requests to Wall Directory Watch.
[[0;32m  OK  [0m] Started Forward Password Requests to Wall Directory Watch.
[    6.634138] systemd[1]: Reached target Swap.
[[0;32m  OK  [0m] Reached target Swap.
[    6.637575] systemd[1]: Created slice System Slice.
[[0;32m  OK  [0m] Created slice System Slice.
[    6.640317] systemd[1]: Listening on LVM2 metadata daemon socket.
[[0;32m  OK  [0m] Listening on LVM2 metadata daemon socket.
[[0;32m  OK  [0m] Created slice system-serial\x2dgetty.slice.
[[0;32m  OK  [0m] Listening on Journal Socket.
         Mounting Huge Pages File System...
         Starting Load Kernel Modules...
[[0;32m  OK  [0m] Listening on udev Control Socket.
         Starting Set the console keyboard layout...
         Starting Uncomplicated firewall...
[[0;32m  OK  [0m] Listening on /dev/initctl Compatibility Named Pipe.
         Mounting POSIX Message Queue File System...
[[0;32m  OK  [0m] Reached target User and Group Name Lookups.
[    6.726134] Loading iSCSI transport class v2.0-870.
         Mounting Kernel Debug File System...
[[0;32m  OK  [0m] Listening on Syslog Socket.
[[0;32m  OK  [0m] Reached target System Time Synchronized.
[[0;32m  OK  [0m] Created slice User and Session Slice.
[[0;32m  OK  [0m] Reached target Slices.
[[0;32m  OK  [0m] Listening on udev Kernel Socket.
         Starting udev Coldplug all Devices...
[[0;32m  OK  [0m] Listening on fsck to fsckd communication Socket.
         Starting File System Check on Root Device...
         Starting Create list of required st…ce nodes for the current kernel...
[[0;32m  OK  [0m] Set up automount Arbitrary Executab…rmats File System Automount Point.
[    6.781868] iscsi: registered transport (tcp)
[[0;32m  OK  [0m] Listening on Device-mapper event daemon FIFOs.
         Starting Monitoring of LVM2 mirrors…ng dmeventd or progress polling...
[[0;32m  OK  [0m] Listening on Journal Audit Socket.
[[0;32m  OK  [0m] Listening on Journal Socket (/dev/log).
         Starting Journal Service...
[[0;32m  OK  [0m] Listening on LVM2 poll daemon socket.
[[0;32m  OK  [0m] Listening on Network Service Netlink Socket.
[[0;32m  OK  [0m] Mounted Huge Pages File System.
[[0;32m  OK  [0m] Started Uncomplicated firewall.
[[0;32m  OK  [0m] Mounted POSIX Message Queue File System.
[[0;32m  OK  [0m] Mounted Kernel Debug File System.
[[0;32m  OK  [0m] Started Create list of required sta…vice nodes for the current kernel.
         Starting Create Static Device Nodes in /dev...
[[0;32m  OK  [0m] Started File System Check Daemon to report status.
[[0;32m  OK  [0m] Started LVM2 metadata daemon.
[[0;32m  OK  [0m] Started Create Static Device Nodes in /dev.
[[0;32m  OK  [0m] Started File System Check on Root Device.
         Starting Remount Root and Kernel File Systems...
[    7.043164] iscsi: registered transport (iser)
[[0;32m  OK  [0m] Started Load Kernel Modules.
         Starting Apply Kernel Variables...
         Mounting Kernel Configuration File System...
         Mounting FUSE Control File System...
[    7.091267] EXT4-fs (sda1): re-mounted. Opts: (null)
[[0;32m  OK  [0m] Started Monitoring of LVM2 mirrors,…sing dmeventd or progress polling.
[[0;32m  OK  [0m] Started Remount Root and Kernel File Systems.
[[0;32m  OK  [0m] Mounted Kernel Configuration File System.
[[0;32m  OK  [0m] Mounted FUSE Control File System.
         Starting udev Kernel Device Manager...
         Starting Load/Save Random Seed...
[[0;32m  OK  [0m] Started udev Coldplug all Devices.
[[0;32m  OK  [0m] Started Apply Kernel Variables.
[[0;32m  OK  [0m] Started Journal Service.
         Starting Flush Journal to Persistent Storage...
[[0;32m  OK  [0m] Started udev Kernel Device Manager.
[[0;32m  OK  [0m] Started Load/Save Random Seed.
[[0;32m  OK  [0m] Started Flush Journal to Persistent Storage.
[[0;32m  OK  [0m] Found device /dev/ttyS0.
[[0;32m  OK  [0m] Listening on Load/Save RF Kill Switch Status /dev/rfkill Watch.
[[0;32m  OK  [0m] Started Set the console keyboard layout.
[[0;32m  OK  [0m] Started Dispatch Password Requests to Console Directory Watch.
[[0;32m  OK  [0m] Reached target Local Encrypted Volumes.
[[0;32m  OK  [0m] Reached target Local File Systems (Pre).
[[0;32m  OK  [0m] Reached target Local File Systems.
         Starting AppArmor initialization...
         Starting Set console font and keymap...
         Starting Create Volatile Files and Directories...
         Starting ebtables ruleset management...
         Starting Tell Plymouth To Write Out Runtime Data...
         Starting Commit a transient machine-id on disk...
[[0;32m  OK  [0m] Started Set console font and keymap.
[[0;32m  OK  [0m] Started Tell Plymouth To Write Out Runtime Data.
[[0;32m  OK  [0m] Started Create Volatile Files and Directories.
         Starting Update UTMP about System Boot/Shutdown...
[[0;32m  OK  [0m] Started Commit a transient machine-id on disk.
[[0;32m  OK  [0m] Started Update UTMP about System Boot/Shutdown.
[[0;32m  OK  [0m] Started ebtables ruleset management.
[[0;32m  OK  [0m] Started AppArmor initialization.
         Starting Load AppArmor profiles managed internally by snapd...
         Starting Initial cloud-init job (pre-networking)...
[[0;32m  OK  [0m] Started Load AppArmor profiles managed internally by snapd.
[   16.561504] cloud-init[599]: Cloud-init v. 21.2-3-g899bfaa9-0ubuntu2~18.04.1 running 'init-local' at Wed, 22 Sep 2021 02:50:12 +0000. Up 15.79 seconds.
[[0;32m  OK  [0m] Started Initial cloud-init job (pre-networking).
[[0;32m  OK  [0m] Reached target Network (Pre).
         Starting Network Service...
[[0;32m  OK  [0m] Started Network Service.
         Starting Wait for Network to be Configured...
         Starting Network Name Resolution...
[[0;32m  OK  [0m] Started Network Name Resolution.
[[0;32m  OK  [0m] Reached target Network.
[[0;32m  OK  [0m] Reached target Host and Network Name Lookups.
[[0;32m  OK  [0m] Started Wait for Network to be Configured.
         Starting Initial cloud-init job (metadata service crawler)...
[   19.949428] cloud-init[677]: Cloud-init v. 21.2-3-g899bfaa9-0ubuntu2~18.04.1 running 'init' at Wed, 22 Sep 2021 02:50:16 +0000. Up 19.53 seconds.
[   19.951295] cloud-init[677]: ci-info: ++++++++++++++++++++++++++++++++++++++Net device info++++++++++++++++++++++++++++++++++++++
[   19.956739] cloud-init[677]: ci-info: +--------+------+----------------------------+---------------+--------+-------------------+
[   19.958870] cloud-init[677]: ci-info: | Device |  Up  |          Address           |      Mask     | Scope  |     Hw-Address    |
[   19.960455] cloud-init[677]: ci-info: +--------+------+----------------------------+---------------+--------+-------------------+
[   19.964610] cloud-init[677]: ci-info: | enp0s3 | True |         10.0.2.15          | 255.255.255.0 | global | 02:d6:10:ef:a7:47 |
[   19.966090] cloud-init[677]: ci-info: | enp0s3 | True | fe80::d6:10ff:feef:a747/64 |       .       |  link  | 02:d6:10:ef:a7:47 |
[   19.967450] cloud-init[677]: ci-info: |   lo   | True |         127.0.0.1          |   255.0.0.0   |  host  |         .         |
[   19.980451] cloud-init[677]: ci-info: |   lo   | True |          ::1/128           |       .       |  host  |         .         |
[   19.992488] cloud-init[677]: ci-info: +--------+------+----------------------------+---------------+--------+-------------------+
[   19.994572] cloud-init[677]: ci-info: ++++++++++++++++++++++++++++Route IPv4 info+++++++++++++++++++++++++++++
[   19.996590] cloud-init[677]: ci-info: +-------+-------------+----------+-----------------+-----------+-------+
[   20.000353] cloud-init[677]: ci-info: | Route | Destination | Gateway  |     Genmask     | Interface | Flags |
[   20.012267] cloud-init[677]: ci-info: +-------+-------------+----------+-----------------+-----------+-------+
[   20.013796] cloud-init[677]: ci-info: |   0   |   0.0.0.0   | 10.0.2.2 |     0.0.0.0     |   enp0s3  |   UG  |
[   20.015777] cloud-init[677]: ci-info: |   1   |   10.0.2.0  | 0.0.0.0  |  255.255.255.0  |   enp0s3  |   U   |
[   20.017372] cloud-init[677]: ci-info: |   2   |   10.0.2.2  | 0.0.0.0  | 255.255.255.255 |   enp0s3  |   UH  |
[   20.019554] cloud-init[677]: ci-info: +-------+-------------+----------+-----------------+-----------+-------+
[   20.022251] cloud-init[677]: ci-info: +++++++++++++++++++Route IPv6 info+++++++++++++++++++
[   20.024676] cloud-init[677]: ci-info: +-------+-------------+---------+-----------+-------+
[   20.028156] cloud-init[677]: ci-info: | Route | Destination | Gateway | Interface | Flags |
[   20.029325] cloud-init[677]: ci-info: +-------+-------------+---------+-----------+-------+
[   20.040428] cloud-init[677]: ci-info: |   1   |  fe80::/64  |    ::   |   enp0s3  |   U   |
[   20.052262] cloud-init[677]: ci-info: |   3   |    local    |    ::   |   enp0s3  |   U   |
[   20.064453] cloud-init[677]: ci-info: |   4   |   ff00::/8  |    ::   |   enp0s3  |   U   |
[   20.065674] cloud-init[677]: ci-info: +-------+-------------+---------+-----------+-------+
[   20.835437] cloud-init[677]: Generating public/private rsa key pair.
[   20.836613] cloud-init[677]: Your identification has been saved in /etc/ssh/ssh_host_rsa_key.
[   20.837724] cloud-init[677]: Your public key has been saved in /etc/ssh/ssh_host_rsa_key.pub.
[   20.838901] cloud-init[677]: The key fingerprint is:
[   20.840585] cloud-init[677]: SHA256:79D3J03BfLYvStT/F9GWHaJNNyU9U2EUzvPMGoCo/GE root@ubuntu-bionic
[   20.841995] cloud-init[677]: The key's randomart image is:
[   20.844455] cloud-init[677]: +---[RSA 2048]----+
[   20.856308] cloud-init[677]: |              o*B|
[   20.857073] cloud-init[677]: |         . . o+B.|
[   20.869041] cloud-init[677]: |        . . = =+O|
[   20.869823] cloud-init[677]: |     . .   . + OO|
[   20.870560] cloud-init[677]: |      o E   . ooO|
[   20.880296] cloud-init[677]: |       o + .   *.|
[   20.892401] cloud-init[677]: |        o o o .o+|
[   20.904701] cloud-init[677]: |         o o .o *|
[   20.916413] cloud-init[677]: |          . ...+o|
[   20.928284] cloud-init[677]: +----[SHA256]-----+
[[0;32m  OK  [0m] Started Initial cloud-init job (metadata service crawler).
[[0;32m  OK  [0m] Reached target System Initialization.
[[0;32m  OK  [0m] Listening on Open-iSCSI iscsid Socket.
[[0;32m  OK  [0m] Started Discard unused blocks once a week.
[   20.943239] [[0;32m  OK  [0m] Listening on D-Bus System Message Bus Socket.
cloud-init[677]: Generating public/private dsa key pair.
[   20.951010] cloud-init[677]: Your identification has been saved in /etc/ssh/ssh_host_dsa_key.
[   20.952068] cloud-init[677]: Your public key has been saved in /etc/ssh/ssh_host_dsa_key.pub.
         Starting LXD - unix socket.
[[0;32m  OK  [0m] Started Ubuntu Advantage update messaging.
[   20.963122] cloud-init[677]: The key fingerprint is:
[[0;32m  OK  [0m] Started ACPI Events Check.
[[0;32m  OK  [0m] Started Daily apt download activities.
[[0;32m  OK  [0m] Started Daily apt upgrade and clean activities.
[[0;32m  OK  [0m] Started Daily Cleanup of Temporary Directories.
[   20.976417] cloud-init[677]: SHA256:amRcJICBSvq0h5h90IeA9LGfHxN5u3iUnXtwwiyfo0k root@ubuntu-bionic
         Starting Socket activation for snappy daemon.
[[0;32m  OK  [0m] Reached target Paths.
[[0;32m  OK  [0m] Started Message of the Day.
[[0;32m  OK  [0m] Reached target Timers.
[[0;32m  OK  [0m] Listening on ACPID Listen Socket.
[[0;32m  OK  [0m] Listening on UUID daemon activation socket.
[[0;32m  OK  [0m] Reached target Cloud-config availability.
[[0;32m  OK  [0m] Reached target Network is Online.
[   20.992013] cloud-init[[0;32m  OK  [0m] Reached target Remote File Systems (Pre).
[[0;32m  OK  [0m] Reached target Remote File Systems.
[677]: The key's randomart image is:
         Starting Availability of block devices...
[[0;32m  OK  [0m] Listening on LXD - unix socket.
[[0;32m  OK  [0m] Listening on Socket activation for snappy daemon.
[[0;32m  OK  [0m] Started Availability of block devices.
[[0;32m  OK  [0m] Reached target Sockets.
[[0;32m  OK  [0m] Reached target Basic System.
[   21.020049] cloud-init[677]: +---[DSA 1024]----+
         Starting Login Service...
[   21.043425] cloud-init[677]: |.+.+... .        |
[[0;32m  OK  [0m] Started Regular background program processing daemon.
[   21.058411] cloud-init[677]: |o.+ o  o.        |
[[0;32m  OK  [0m] Started irqbalance daemon.
[   21.064220] cloud-init[677]: |+  = . o..       |
[[0;32m  OK  [0m] Started Deferred execution scheduler.
         Starting Virtualbox guest utils...
         Starting LSB: automatic crash report generation...
[   21.070630] cloud-init[677]: |o o +.o.o * .    |
[   21.099354] cloud-init[677]: | * + ++oS= B .   |
[   21.100424] cloud-init[677]: |o = oo..= + *    |
[   21.104297] cloud-init[677]: |   o  oo E = .   |
[   21.104962] cloud-init[677]: |     .  o o o    |
[   21.105635] cloud-init[677]: |         o       |
[   21.107481] cloud-init[677]: +----[SHA256]-----+
[   21.113603] cloud-init[677]: Generating public/private ecdsa key pair.
[   21.114952] cloud-init[677]: Your identification has been saved in /etc/ssh/ssh_host_ecdsa_key.
         Starting Pollinate to seed the pseudo random number generator...
         Starting Permit User Sessions...
[   21.139036] cloud-init[677]: Your public key has been saved in /etc/ssh/ssh_host_ecdsa_key.pub.
[   21.163508] cloud-init[677]: The key fingerprint is:
         Starting LXD - container startup/shutdown...
[   21.168042] cloud-init[677]: SHA256:Rj+AwZbl85K/Ss8gvw6uhbIEmWbTg9hreBYYfTRBcoI root@ubuntu-bionic
[   21.178783] cloud-init[677]: The key's randomart image is:
[   21.188452] cloud-init[677]: +---[ECDSA 256]---+
[   21.189137] cloud-init[677]: | .o.*o.o.        |
[   21.190283] cloud-init[677]: |E. = .++         |
[   21.191494] cloud-init[677]: |. . ... =        |
[   21.194513] cloud-init[677]: |.*o.   . *       |
[   21.208850] cloud-init[677]: |*=oo    S +      |
[   21.220866] cloud-init[677]: |oo.o.. . o .     |
[   21.222066] cloud-init[677]: |. B . + o .      |
[   21.223411] cloud-init[677]: | = o o = + .     |
[   21.224772] cloud-init[677]: |  . ....=o+      |
[   21.226322] cloud-init[677]: +----[SHA256]-----+
[   21.228141] cloud-init[677]: Generating public/private ed25519 key pair.
[   21.230729] cloud-init[677]: Your identification has been saved in /etc/ssh/ssh_host_ed25519_key.
[   21.234940] cloud-init[677]: Your public key has been saved in /etc/ssh/ssh_host_ed25519_key.pub.
[   21.239583] cloud-init[677]: The key fingerprint is:
[   21.242241] cloud-init[677]: SHA256:j/sh2cII1XUAaiv/QZefgNyU5q6yZAPX/FZ6ycD9Pqg root@ubuntu-bionic
[   21.247509] cloud-init[677]: The key's randomart image is:
         Starting Snap Daemon...
         Starting System Logging Service...
[   21.258767] cloud-init[677]: +--[ED25519 256]--+
[[0;32m  OK  [0m] Started D-Bus System Message Bus.
[   21.287683] cloud-init[677]: |        ..o..    |
[   21.289166] cloud-init[677]: |       o . o     |
[   21.300505] cloud-init[677]: |      + . +      |
[   21.303076] cloud-init[677]: |     o = B o     |
[   21.305895] cloud-init[677]: |    + o S O o    |
[   21.310247] cloud-init[677]: |     * + O B +   |
[   21.316009] cloud-init[677]: |      * B O *..  |
[   21.327605] cloud-init[677]: |     o.o B o...  |
[   21.333346] cloud-init[677]: |      .o+.E.  .. |
[   21.336212] cloud-init[677]: +----[SHA256]-----+
[[0;32m  OK  [0m] Started Login Service.
[[0;32m  OK  [0m] Started Unattended Upgrades Shutdown.
         Starting LSB: Record successful boot for GRUB...
         Starting Accounts Service...
         Starting Dispatcher daemon for systemd-networkd...
[[0;32m  OK  [0m] Started FUSE filesystem for LXC.
[[0;32m  OK  [0m] Started System Logging Service.
[[0;32m  OK  [0m] Started Permit User Sessions.
         Starting Terminate Plymouth Boot Screen...
         Starting Hold until boot process finishes up...
[[0;32m  OK  [0m] Started LXD - container startup/shutdown.
[[0;32m  OK  [0m] Started Hold until boot process finishes up.
         Starting Set console scheme...
[[0;32m  OK  [0m] Started Serial Getty on ttyS0.
[[0;32m  OK  [0m] Started Terminate Plymouth Boot Screen.
[[0;32m  OK  [0m] Started Set console scheme.
[[0;32m  OK  [0m] Created slice system-getty.slice.
[[0;32m  OK  [0m] Started Getty on tty1.
[[0;32m  OK  [0m] Reached target Login Prompts.
[[0;32m  OK  [0m] Started LSB: automatic crash report generation.
[[0;32m  OK  [0m] Started LSB: Record successful boot for GRUB.
         Starting Authorization Manager...
[[0;32m  OK  [0m] Started Authorization Manager.
[[0;32m  OK  [0m] Started Accounts Service.
[[0;32m  OK  [0m] Started Virtualbox guest utils.
[[0;32m  OK  [0m] Started Snap Daemon.
         Starting Wait until snapd is fully seeded...
[[0;32m  OK  [0m] Started Dispatcher daemon for systemd-networkd.

Ubuntu 18.04.6 LTS ubuntu-bionic ttyS0

ubuntu-bionic login: [   34.252508] cloud-init[1112]: Cloud-init v. 21.2-3-g899bfaa9-0ubuntu2~18.04.1 running 'modules:config' at Wed, 22 Sep 2021 02:50:30 +0000. Up 32.98 seconds.
ci-info: no authorized SSH keys fingerprints found for user ubuntu.
<14>Sep 22 02:50:33 cloud-init: #############################################################
<14>Sep 22 02:50:33 cloud-init: -----BEGIN SSH HOST KEY FINGERPRINTS-----
<14>Sep 22 02:50:33 cloud-init: 1024 SHA256:amRcJICBSvq0h5h90IeA9LGfHxN5u3iUnXtwwiyfo0k root@ubuntu-bionic (DSA)
<14>Sep 22 02:50:33 cloud-init: 256 SHA256:Rj+AwZbl85K/Ss8gvw6uhbIEmWbTg9hreBYYfTRBcoI root@ubuntu-bionic (ECDSA)
<14>Sep 22 02:50:33 cloud-init: 256 SHA256:j/sh2cII1XUAaiv/QZefgNyU5q6yZAPX/FZ6ycD9Pqg root@ubuntu-bionic (ED25519)
<14>Sep 22 02:50:33 cloud-init: 2048 SHA256:79D3J03BfLYvStT/F9GWHaJNNyU9U2EUzvPMGoCo/GE root@ubuntu-bionic (RSA)
<14>Sep 22 02:50:33 cloud-init: -----END SSH HOST KEY FINGERPRINTS-----
<14>Sep 22 02:50:33 cloud-init: #############################################################
-----BEGIN SSH HOST KEY KEYS-----
ecdsa-sha2-nistp256 AAAAE2VjZHNhLXNoYTItbmlzdHAyNTYAAAAIbmlzdHAyNTYAAABBBOYLTRknOoSECweNx9EiiygNj2mfUr8fbhos2Xby0FAF3B+/2GRCJnCHBo2PSp+LFNFMpojZkQR4yct4fnloRw4= root@ubuntu-bionic
ssh-ed25519 AAAAC3NzaC1lZDI1NTE5AAAAIP3T+zQS6ZQrbZ3gq6HTrX4Yr7332CB1Ot+Npvrkijxa root@ubuntu-bionic
ssh-rsa AAAAB3NzaC1yc2EAAAADAQABAAABAQDQ5lNfjrg/ONLUOklkWXSbr3gbQRvTquzXC6XGE3dxBDcb0d1BSuZYZyoIVIyYWqqtpb8BxepsNGjLXsseASGcwAO36JCIrK+ZXy/wuhwdGxHaglEuyZzqPtMnP4AFvyyFNnHe6HUOrCxp7AaqjdeOoRdpthlZmhgsP7yRost+xl+lLG8pAWDy5CcBByRCNTsCCl8SsIq265aMa4tzkWz+T/W7WTyHAXbmGjuVxpYIhvmRAtt4i3gD5DSqvkYOH3qksRnn2ivKMit0gUtuNbFTxfbglW7FMJI8oGlWU5VkeJpFKxg/TXCKvnZNzp3z0Jgr1/gGKSsQBM3QoBTIfmzf root@ubuntu-bionic
-----END SSH HOST KEY KEYS-----
[   36.167115] cloud-init[1274]: Cloud-init v. 21.2-3-g899bfaa9-0ubuntu2~18.04.1 running 'modules:final' at Wed, 22 Sep 2021 02:50:32 +0000. Up 35.76 seconds.
[   36.170458] cloud-init[1274]: ci-info: no authorized SSH keys fingerprints found for user ubuntu.
[   36.177104] cloud-init[1274]: Cloud-init v. 21.2-3-g899bfaa9-0ubuntu2~18.04.1 finished at Wed, 22 Sep 2021 02:50:33 +0000. Datasource DataSourceNoCloud [seed=/dev/sdb][dsmode=net].  Up 36.14 seconds
[[0;32m  OK  [0m] Stopped Unattended Upgrades Shutdown.
         Stopping Availability of block devices...
         Stopping Session 7 of user vagrant.
[[0;32m  OK  [0m] Stopped target Host and Network Name Lookups.
         Stopping User Manager for UID 1000...
[[0;32m  OK  [0m] Stopped target Timers.
[[0;32m  OK  [0m] Stopped Message of the Day.
[[0;32m  OK  [0m] Stopped target Cloud-init target.
[[0;32m  OK  [0m] Stopped Execute cloud user/final scripts.
[[0;32m  OK  [0m] Stopped Apply the settings specified in cloud-config.
[[0;32m  OK  [0m] Stopped target Graphical Interface.
[[0;32m  OK  [0m] Stopped Ubuntu Advantage update messaging.
[[0;32m  OK  [0m] Stopped target Multi-User System.
[[0;32m  OK  [0m] Stopped target Login Prompts.
         Stopping Getty on tty1...
         Stopping Serial Getty on ttyS0...
         Stopping Virtualbox guest utils...
         Stopping Docker Application Container Engine...
         Stopping Ubuntu FAN network setup...
         Stopping LSB: automatic crash report generation...
         Stopping D-Bus System Message Bus...
         Stopping Deferred execution scheduler...
         Stopping FUSE filesystem for LXC...
         Stopping LSB: Record successful boot for GRUB...
         Stopping System Logging Service...
[[0;32m  OK  [0m] Stopped target Cloud-config availability.
         Stopping OpenBSD Secure Shell server...
         Stopping Regular background program processing daemon...
         Stopping Authorization Manager...
[[0;32m  OK  [0m] Closed Load/Save RF Kill Switch Status /dev/rfkill Watch.
[[0;32m  OK  [0m] Stopped Discard unused blocks once a week.
         Stopping LXD - container startup/shutdown...
         Stopping Dispatcher daemon for systemd-networkd...
[[0;32m  OK  [0m] Stopped Wait until snapd is fully seeded.
[[0;32m  OK  [0m] Stopped Daily apt upgrade and clean activities.
[[0;32m  OK  [0m] Stopped Daily apt download activities.
[[0;32m  OK  [0m] Stopped target System Time Synchronized.
         Stopping Accounts Service...
[[0;32m  OK  [0m] Stopped Daily Cleanup of Temporary Directories.
[[0;32m  OK  [0m] Unmounted /var/lib/lxcfs.
[[0;32m  OK  [0m] Stopped Regular background program processing daemon.
[[0;32m  OK  [0m] Stopped Deferred execution scheduler.
[[0;32m  OK  [0m] Stopped System Logging Service.
[[0;32m  OK  [0m] Stopped Accounts Service.
[[0;32m  OK  [0m] Stopped Dispatcher daemon for systemd-networkd.
[[0;32m  OK  [0m] Stopped Serial Getty on ttyS0.
[[0;32m  OK  [0m] Stopped Getty on tty1.
[[0;32m  OK  [0m] Stopped Authorization Manager.
[[0;32m  OK  [0m] Stopped OpenBSD Secure Shell server.
[[0;32m  OK  [0m] Stopped Docker Application Container Engine.
[[0;32m  OK  [0m] Stopped User Manager for UID 1000.
[[0;32m  OK  [0m] Stopped D-Bus System Message Bus.
[[0;32m  OK  [0m] Stopped FUSE filesystem for LXC.
[[0;32m  OK  [0m] Stopped Session 7 of user vagrant.
[[0;32m  OK  [0m] Stopped Ubuntu FAN network setup.
[[0;32m  OK  [0m] Stopped Availability of block devices.
[[0;32m  OK  [0m] Removed slice User Slice of vagrant.
         Stopping Login Service...
         Stopping containerd container runtime...
[[0;32m  OK  [0m] Removed slice system-getty.slice.
         Stopping Permit User Sessions...
[[0;32m  OK  [0m] Removed slice system-serial\x2dgetty.slice.
[[0;32m  OK  [0m] Stopped Login Service.
[[0;32m  OK  [0m] Stopped LXD - container startup/shutdown.
[[0;32m  OK  [0m] Stopped Permit User Sessions.
[[0;32m  OK  [0m] Stopped LSB: Record successful boot for GRUB.
[[0;32m  OK  [0m] Stopped target User and Group Name Lookups.
[[0;32m  OK  [0m] Stopped containerd container runtime.
[[0;32m  OK  [0m] Stopped LSB: automatic crash report generation.
[[0;32m  OK  [0m] Stopped target Remote File Systems.
         Unmounting /vagrant...
[[0;32m  OK  [0m] Unmounted /vagrant.
[[0;32m  OK  [0m] Stopped target Network is Online.
[[0;32m  OK  [0m] Stopped target Network.
         Stopping Network Name Resolution...
[[0;32m  OK  [0m] Stopped target Remote File Systems (Pre).
[[0;32m  OK  [0m] Stopped Network Name Resolution.
[[0;32m  OK  [0m] Stopped Virtualbox guest utils.
[[0;32m  OK  [0m] Stopped target Basic System.
[[0;32m  OK  [0m] Stopped target Sockets.
[[0;32m  OK  [0m] Closed ACPID Listen Socket.
[[0;32m  OK  [0m] Closed D-Bus System Message Bus Socket.
[[0;32m  OK  [0m] Closed LXD - unix socket.
[[0;32m  OK  [0m] Closed Open-iSCSI iscsid Socket.
[[0;32m  OK  [0m] Closed UUID daemon activation socket.
[[0;32m  OK  [0m] Closed Docker Socket for the API.
[[0;32m  OK  [0m] Closed Syslog Socket.
[[0;32m  OK  [0m] Closed Socket activation for snappy daemon.
[[0;32m  OK  [0m] Stopped target Slices.
[[0;32m  OK  [0m] Removed slice User and Session Slice.
[[0;32m  OK  [0m] Stopped target Paths.
[[0;32m  OK  [0m] Stopped ACPI Events Check.
[[0;32m  OK  [0m] Stopped target System Initialization.
[[0;32m  OK  [0m] Stopped Initial cloud-init job (metadata service crawler).
[[0;32m  OK  [0m] Stopped Wait for Network to be Configured.
         Stopping Load/Save Random Seed...
         Stopping Update UTMP about System Boot/Shutdown...
[[0;32m  OK  [0m] Stopped target Local Encrypted Volumes.
[[0;32m  OK  [0m] Stopped Forward Password Requests to Wall Directory Watch.
[[0;32m  OK  [0m] Stopped Dispatch Password Requests to Console Directory Watch.
[[0;32m  OK  [0m] Stopped Commit a transient machine-id on disk.
         Stopping Network Service...
[[0;32m  OK  [0m] Stopped Load/Save Random Seed.
[[0;32m  OK  [0m] Stopped Update UTMP about System Boot/Shutdown.
[[0;32m  OK  [0m] Stopped Create Volatile Files and Directories.
[[0;32m  OK  [0m] Stopped target Local File Systems.
         Unmounting /run/user/1000...
[[0;32m  OK  [0m] Stopped Network Service.
[[0;32m  OK  [0m] Stopped Apply Kernel Variables.
[[0;32m  OK  [0m] Stopped Load Kernel Modules.
[[0;32m  OK  [0m] Stopped target Network (Pre).
[[0;32m  OK  [0m] Stopped Initial cloud-init job (pre-networking).
[[0;32m  OK  [0m] Unmounted /run/user/1000.
[[0;32m  OK  [0m] Reached target Unmount All Filesystems.
[[0;32m  OK  [0m] Stopped target Swap.
[[0;32m  OK  [0m] Stopped target Local File Systems (Pre).
[[0;32m  OK  [0m] Stopped Remount Root and Kernel File Systems.
[[0;32m  OK  [0m] Stopped Create Static Device Nodes in /dev.
[[0;32m  OK  [0m] Reached target Shutdown.
[[0;32m  OK  [0m] Reached target Final Step.
         Starting Power-Off...
         Stopping Monitoring of LVM2 mirrors…ng dmeventd or progress polling...
[ 1633.220051] reboot: Power down
